nohup: ignoring input


================================== Start mapping ==================================


...... Download reference database ......

--2025-09-08 03:28:37--  https://data.qiime2.org/classifiers/sepp-ref-dbs/sepp-refs-gg-13-8.qza
Resolving data.qiime2.org (data.qiime2.org)... 54.200.1.12
Connecting to data.qiime2.org (data.qiime2.org)|54.200.1.12|:443... connected.
HTTP request sent, awaiting response... 302 FOUND
Location: https://s3-us-west-2.amazonaws.com/qiime2-data/classifiers/sepp-ref-dbs/sepp-refs-gg-13-8.qza [following]
--2025-09-08 03:28:37--  https://s3-us-west-2.amazonaws.com/qiime2-data/classifiers/sepp-ref-dbs/sepp-refs-gg-13-8.qza
Resolving s3-us-west-2.amazonaws.com (s3-us-west-2.amazonaws.com)... 3.5.80.123, 52.92.191.72, 52.92.204.248, ...
Connecting to s3-us-west-2.amazonaws.com (s3-us-west-2.amazonaws.com)|3.5.80.123|:443... connected.
HTTP request sent, awaiting response... 200 OK
Length: 50161069 (48M) [binary/octet-stream]
Saving to: ‘sepp-refs-gg-13-8.qza’

     0K .......... .......... .......... .......... ..........  0%  716K 68s
    50K .......... .......... .......... .......... ..........  0%  719K 68s
   100K .......... .......... .......... .......... ..........  0%  721K 68s
   150K .......... .......... .......... .......... ..........  0%  162M 51s
   200K .......... .......... .......... .......... ..........  0%  210M 41s
   250K .......... .......... .......... .......... ..........  0%  724K 45s
   300K .......... .......... .......... .......... ..........  0%  198M 39s
   350K .......... .......... .......... .......... ..........  0%  147M 34s
   400K .......... .......... .......... .......... ..........  0%  296M 30s
   450K .......... .......... .......... .......... ..........  1%  306M 27s
   500K .......... .......... .......... .......... ..........  1%  728K 31s
   550K .......... .......... .......... .......... ..........  1%  131M 28s
   600K .......... .......... .......... .......... ..........  1%  145M 26s
   650K .......... .......... .......... .......... ..........  1%  210M 24s
   700K .......... .......... .......... .......... ..........  1%  214M 22s
   750K .......... .......... .......... .......... ..........  1%  209M 21s
   800K .......... .......... .......... .......... ..........  1%  289M 20s
   850K .......... .......... .......... .......... ..........  1%  353M 19s
   900K .......... .......... .......... .......... ..........  1%  406M 18s
   950K .......... .......... .......... .......... ..........  2%  316M 17s
  1000K .......... .......... .......... .......... ..........  2%  293M 16s
  1050K .......... .......... .......... .......... ..........  2%  744K 18s
  1100K .......... .......... .......... .......... ..........  2%  161M 17s
  1150K .......... .......... .......... .......... ..........  2%  161M 17s
  1200K .......... .......... .......... .......... ..........  2%  141M 16s
  1250K .......... .......... .......... .......... ..........  2%  198M 15s
  1300K .......... .......... .......... .......... ..........  2%  137M 15s
  1350K .......... .......... .......... .......... ..........  2%  134M 14s
  1400K .......... .......... .......... .......... ..........  2%  241M 14s
  1450K .......... .......... .......... .......... ..........  3%  188M 13s
  1500K .......... .......... .......... .......... ..........  3%  358M 13s
  1550K .......... .......... .......... .......... ..........  3%  366M 12s
  1600K .......... .......... .......... .......... ..........  3%  353M 12s
  1650K .......... .......... .......... .......... ..........  3%  354M 12s
  1700K .......... .......... .......... .......... ..........  3%  338M 11s
  1750K .......... .......... .......... .......... ..........  3%  277M 11s
  1800K .......... .......... .......... .......... ..........  3%  358M 11s
  1850K .......... .......... .......... .......... ..........  3%  362M 10s
  1900K .......... .......... .......... .......... ..........  3%  356M 10s
  1950K .......... .......... .......... .......... ..........  4%  326M 10s
  2000K .......... .......... .......... .......... ..........  4%  345M 10s
  2050K .......... .......... .......... .......... ..........  4%  348M 9s
  2100K .......... .......... .......... .......... ..........  4%  353M 9s
  2150K .......... .......... .......... .......... ..........  4%  764K 10s
  2200K .......... .......... .......... .......... ..........  4%  167M 10s
  2250K .......... .......... .......... .......... ..........  4%  168M 10s
  2300K .......... .......... .......... .......... ..........  4%  184M 10s
  2350K .......... .......... .......... .......... ..........  4%  171M 9s
  2400K .......... .......... .......... .......... ..........  5%  211M 9s
  2450K .......... .......... .......... .......... ..........  5%  245M 9s
  2500K .......... .......... .......... .......... ..........  5%  202M 9s
  2550K .......... .......... .......... .......... ..........  5%  110M 9s
  2600K .......... .......... .......... .......... ..........  5%  193M 9s
  2650K .......... .......... .......... .......... ..........  5%  212M 8s
  2700K .......... .......... .......... .......... ..........  5%  187M 8s
  2750K .......... .......... .......... .......... ..........  5%  174M 8s
  2800K .......... .......... .......... .......... ..........  5%  202M 8s
  2850K .......... .......... .......... .......... ..........  5%  161M 8s
  2900K .......... .......... .......... .......... ..........  6%  257M 8s
  2950K .......... .......... .......... .......... ..........  6%  258M 8s
  3000K .......... .......... .......... .......... ..........  6%  367M 7s
  3050K .......... .......... .......... .......... ..........  6%  361M 7s
  3100K .......... .......... .......... .......... ..........  6%  356M 7s
  3150K .......... .......... .......... .......... ..........  6%  364M 7s
  3200K .......... .......... .......... .......... ..........  6%  353M 7s
  3250K .......... .......... .......... .......... ..........  6%  365M 7s
  3300K .......... .......... .......... .......... ..........  6%  329M 7s
  3350K .......... .......... .......... .......... ..........  6%  283M 7s
  3400K .......... .......... .......... .......... ..........  7%  368M 6s
  3450K .......... .......... .......... .......... ..........  7%  347M 6s
  3500K .......... .......... .......... .......... ..........  7%  356M 6s
  3550K .......... .......... .......... .......... ..........  7%  365M 6s
  3600K .......... .......... .......... .......... ..........  7%  366M 6s
  3650K .......... .......... .......... .......... ..........  7%  353M 6s
  3700K .......... .......... .......... .......... ..........  7%  349M 6s
  3750K .......... .......... .......... .......... ..........  7%  275M 6s
  3800K .......... .......... .......... .......... ..........  7%  364M 6s
  3850K .......... .......... .......... .......... ..........  7%  363M 6s
  3900K .......... .......... .......... .......... ..........  8%  360M 6s
  3950K .......... .......... .......... .......... ..........  8%  346M 6s
  4000K .......... .......... .......... .......... ..........  8%  350M 5s
  4050K .......... .......... .......... .......... ..........  8%  352M 5s
  4100K .......... .......... .......... .......... ..........  8%  348M 5s
  4150K .......... .......... .......... .......... ..........  8%  271M 5s
  4200K .......... .......... .......... .......... ..........  8%  308M 5s
  4250K .......... .......... .......... .......... ..........  8%  353M 5s
  4300K .......... .......... .......... .......... ..........  8%  348M 5s
  4350K .......... .......... .......... .......... ..........  8%  325M 5s
  4400K .......... .......... .......... .......... ..........  9%  811K 6s
  4450K .......... .......... .......... .......... ..........  9%  222M 6s
  4500K .......... .......... .......... .......... ..........  9%  306M 5s
  4550K .......... .......... .......... .......... ..........  9%  145M 5s
  4600K .......... .......... .......... .......... ..........  9%  247M 5s
  4650K .......... .......... .......... .......... ..........  9%  351M 5s
  4700K .......... .......... .......... .......... ..........  9%  250M 5s
  4750K .......... .......... .......... .......... ..........  9%  197M 5s
  4800K .......... .......... .......... .......... ..........  9%  212M 5s
  4850K .......... .......... .......... .......... .......... 10%  305M 5s
  4900K .......... .......... .......... .......... .......... 10%  290M 5s
  4950K .......... .......... .......... .......... .......... 10%  147M 5s
  5000K .......... .......... .......... .......... .......... 10%  166M 5s
  5050K .......... .......... .......... .......... .......... 10%  176M 5s
  5100K .......... .......... .......... .......... .......... 10%  160M 5s
  5150K .......... .......... .......... .......... .......... 10%  272M 5s
  5200K .......... .......... .......... .......... .......... 10%  166M 5s
  5250K .......... .......... .......... .......... .......... 10%  165M 5s
  5300K .......... .......... .......... .......... .......... 10%  235M 5s
  5350K .......... .......... .......... .......... .......... 11%  198M 5s
  5400K .......... .......... .......... .......... .......... 11%  268M 4s
  5450K .......... .......... .......... .......... .......... 11%  349M 4s
  5500K .......... .......... .......... .......... .......... 11%  363M 4s
  5550K .......... .......... .......... .......... .......... 11%  368M 4s
  5600K .......... .......... .......... .......... .......... 11%  332M 4s
  5650K .......... .......... .......... .......... .......... 11%  352M 4s
  5700K .......... .......... .......... .......... .......... 11%  364M 4s
  5750K .......... .......... .......... .......... .......... 11%  270M 4s
  5800K .......... .......... .......... .......... .......... 11%  334M 4s
  5850K .......... .......... .......... .......... .......... 12%  359M 4s
  5900K .......... .......... .......... .......... .......... 12%  368M 4s
  5950K .......... .......... .......... .......... .......... 12%  346M 4s
  6000K .......... .......... .......... .......... .......... 12%  349M 4s
  6050K .......... .......... .......... .......... .......... 12%  373M 4s
  6100K .......... .......... .......... .......... .......... 12%  366M 4s
  6150K .......... .......... .......... .......... .......... 12%  275M 4s
  6200K .......... .......... .......... .......... .......... 12%  365M 4s
  6250K .......... .......... .......... .......... .......... 12%  348M 4s
  6300K .......... .......... .......... .......... .......... 12%  355M 4s
  6350K .......... .......... .......... .......... .......... 13%  357M 4s
  6400K .......... .......... .......... .......... .......... 13%  363M 4s
  6450K .......... .......... .......... .......... .......... 13%  363M 4s
  6500K .......... .......... .......... .......... .......... 13%  344M 4s
  6550K .......... .......... .......... .......... .......... 13%  273M 4s
  6600K .......... .......... .......... .......... .......... 13%  353M 4s
  6650K .......... .......... .......... .......... .......... 13%  817K 4s
  6700K .......... .......... .......... .......... .......... 13%  304M 4s
  6750K .......... .......... .......... .......... .......... 13%  233M 4s
  6800K .......... .......... .......... .......... .......... 13%  228M 4s
  6850K .......... .......... .......... .......... .......... 14%  245M 4s
  6900K .......... .......... .......... .......... .......... 14%  288M 4s
  6950K .......... .......... .......... .......... .......... 14%  219M 4s
  7000K .......... .......... .......... .......... .......... 14%  267M 4s
  7050K .......... .......... .......... .......... .......... 14%  268M 4s
  7100K .......... .......... .......... .......... .......... 14%  239M 4s
  7150K .......... .......... .......... .......... .......... 14%  252M 4s
  7200K .......... .......... .......... .......... .......... 14%  307M 4s
  7250K .......... .......... .......... .......... .......... 14%  271M 4s
  7300K .......... .......... .......... .......... .......... 15%  278M 4s
  7350K .......... .......... .......... .......... .......... 15%  209M 4s
  7400K .......... .......... .......... .......... .......... 15%  291M 4s
  7450K .......... .......... .......... .......... .......... 15%  282M 3s
  7500K .......... .......... .......... .......... .......... 15%  307M 3s
  7550K .......... .......... .......... .......... .......... 15%  322M 3s
  7600K .......... .......... .......... .......... .......... 15%  362M 3s
  7650K .......... .......... .......... .......... .......... 15%  327M 3s
  7700K .......... .......... .......... .......... .......... 15%  319M 3s
  7750K .......... .......... .......... .......... .......... 15%  187M 3s
  7800K .......... .......... .......... .......... .......... 16%  280M 3s
  7850K .......... .......... .......... .......... .......... 16%  254M 3s
  7900K .......... .......... .......... .......... .......... 16%  206M 3s
  7950K .......... .......... .......... .......... .......... 16%  324M 3s
  8000K .......... .......... .......... .......... .......... 16%  263M 3s
  8050K .......... .......... .......... .......... .......... 16%  248M 3s
  8100K .......... .......... .......... .......... .......... 16%  307M 3s
  8150K .......... .......... .......... .......... .......... 16%  276M 3s
  8200K .......... .......... .......... .......... .......... 16%  367M 3s
  8250K .......... .......... .......... .......... .......... 16%  354M 3s
  8300K .......... .......... .......... .......... .......... 17%  346M 3s
  8350K .......... .......... .......... .......... .......... 17%  369M 3s
  8400K .......... .......... .......... .......... .......... 17%  364M 3s
  8450K .......... .......... .......... .......... .......... 17%  364M 3s
  8500K .......... .......... .......... .......... .......... 17%  355M 3s
  8550K .......... .......... .......... .......... .......... 17%  280M 3s
  8600K .......... .......... .......... .......... .......... 17%  363M 3s
  8650K .......... .......... .......... .......... .......... 17%  355M 3s
  8700K .......... .......... .......... .......... .......... 17%  360M 3s
  8750K .......... .......... .......... .......... .......... 17%  354M 3s
  8800K .......... .......... .......... .......... .......... 18%  366M 3s
  8850K .......... .......... .......... .......... .......... 18%  361M 3s
  8900K .......... .......... .......... .......... .......... 18%  356M 3s
  8950K .......... .......... .......... .......... .......... 18%  274M 3s
  9000K .......... .......... .......... .......... .......... 18%  325M 3s
  9050K .......... .......... .......... .......... .......... 18%  812K 3s
  9100K .......... .......... .......... .......... .......... 18%  177M 3s
  9150K .......... .......... .......... .......... .......... 18%  274M 3s
  9200K .......... .......... .......... .......... .......... 18%  243M 3s
  9250K .......... .......... .......... .......... .......... 18%  279M 3s
  9300K .......... .......... .......... .......... .......... 19%  247M 3s
  9350K .......... .......... .......... .......... .......... 19%  202M 3s
  9400K .......... .......... .......... .......... .......... 19%  259M 3s
  9450K .......... .......... .......... .......... .......... 19%  297M 3s
  9500K .......... .......... .......... .......... .......... 19%  249M 3s
  9550K .......... .......... .......... .......... .......... 19%  288M 3s
  9600K .......... .......... .......... .......... .......... 19%  274M 3s
  9650K .......... .......... .......... .......... .......... 19%  259M 3s
  9700K .......... .......... .......... .......... .......... 19%  263M 3s
  9750K .......... .......... .......... .......... .......... 20%  205M 3s
  9800K .......... .......... .......... .......... .......... 20%  266M 3s
  9850K .......... .......... .......... .......... .......... 20%  236M 3s
  9900K .......... .......... .......... .......... .......... 20%  313M 3s
  9950K .......... .......... .......... .......... .......... 20%  261M 3s
 10000K .......... .......... .......... .......... .......... 20%  289M 3s
 10050K .......... .......... .......... .......... .......... 20%  300M 3s
 10100K .......... .......... .......... .......... .......... 20%  328M 3s
 10150K .......... .......... .......... .......... .......... 20%  250M 3s
 10200K .......... .......... .......... .......... .......... 20%  333M 3s
 10250K .......... .......... .......... .......... .......... 21%  259M 3s
 10300K .......... .......... .......... .......... .......... 21%  291M 3s
 10350K .......... .......... .......... .......... .......... 21%  372M 3s
 10400K .......... .......... .......... .......... .......... 21%  317M 3s
 10450K .......... .......... .......... .......... .......... 21%  280M 3s
 10500K .......... .......... .......... .......... .......... 21%  270M 3s
 10550K .......... .......... .......... .......... .......... 21%  233M 3s
 10600K .......... .......... .......... .......... .......... 21%  365M 3s
 10650K .......... .......... .......... .......... .......... 21%  368M 3s
 10700K .......... .......... .......... .......... .......... 21%  370M 2s
 10750K .......... .......... .......... .......... .......... 22%  346M 2s
 10800K .......... .......... .......... .......... .......... 22%  373M 2s
 10850K .......... .......... .......... .......... .......... 22%  377M 2s
 10900K .......... .......... .......... .......... .......... 22%  349M 2s
 10950K .......... .......... .......... .......... .......... 22%  279M 2s
 11000K .......... .......... .......... .......... .......... 22%  354M 2s
 11050K .......... .......... .......... .......... .......... 22%  356M 2s
 11100K .......... .......... .......... .......... .......... 22%  333M 2s
 11150K .......... .......... .......... .......... .......... 22%  362M 2s
 11200K .......... .......... .......... .......... .......... 22%  360M 2s
 11250K .......... .......... .......... .......... .......... 23%  339M 2s
 11300K .......... .......... .......... .......... .......... 23%  355M 2s
 11350K .......... .......... .......... .......... .......... 23%  273M 2s
 11400K .......... .......... .......... .......... .......... 23%  345M 2s
 11450K .......... .......... .......... .......... .......... 23%  812K 2s
 11500K .......... .......... .......... .......... .......... 23%  229M 2s
 11550K .......... .......... .......... .......... .......... 23%  309M 2s
 11600K .......... .......... .......... .......... .......... 23%  253M 2s
 11650K .......... .......... .......... .......... .......... 23%  312M 2s
 11700K .......... .......... .......... .......... .......... 23%  263M 2s
 11750K .......... .......... .......... .......... .......... 24%  230M 2s
 11800K .......... .......... .......... .......... .......... 24%  247M 2s
 11850K .......... .......... .......... .......... .......... 24%  304M 2s
 11900K .......... .......... .......... .......... .......... 24%  233M 2s
 11950K .......... .......... .......... .......... .......... 24%  248M 2s
 12000K .......... .......... .......... .......... .......... 24%  261M 2s
 12050K .......... .......... .......... .......... .......... 24%  269M 2s
 12100K .......... .......... .......... .......... .......... 24%  335M 2s
 12150K .......... .......... .......... .......... .......... 24%  211M 2s
 12200K .......... .......... .......... .......... .......... 25%  278M 2s
 12250K .......... .......... .......... .......... .......... 25%  277M 2s
 12300K .......... .......... .......... .......... .......... 25%  289M 2s
 12350K .......... .......... .......... .......... .......... 25%  325M 2s
 12400K .......... .......... .......... .......... .......... 25%  270M 2s
 12450K .......... .......... .......... .......... .......... 25%  313M 2s
 12500K .......... .......... .......... .......... .......... 25%  275M 2s
 12550K .......... .......... .......... .......... .......... 25%  191M 2s
 12600K .......... .......... .......... .......... .......... 25%  266M 2s
 12650K .......... .......... .......... .......... .......... 25%  299M 2s
 12700K .......... .......... .......... .......... .......... 26%  309M 2s
 12750K .......... .......... .......... .......... .......... 26%  291M 2s
 12800K .......... .......... .......... .......... .......... 26%  272M 2s
 12850K .......... .......... .......... .......... .......... 26%  261M 2s
 12900K .......... .......... .......... .......... .......... 26%  322M 2s
 12950K .......... .......... .......... .......... .......... 26%  201M 2s
 13000K .......... .......... .......... .......... .......... 26%  273M 2s
 13050K .......... .......... .......... .......... .......... 26%  362M 2s
 13100K .......... .......... .......... .......... .......... 26%  346M 2s
 13150K .......... .......... .......... .......... .......... 26%  373M 2s
 13200K .......... .......... .......... .......... .......... 27%  357M 2s
 13250K .......... .......... .......... .......... .......... 27%  368M 2s
 13300K .......... .......... .......... .......... .......... 27%  347M 2s
 13350K .......... .......... .......... .......... .......... 27%  278M 2s
 13400K .......... .......... .......... .......... .......... 27%  372M 2s
 13450K .......... .......... .......... .......... .......... 27%  345M 2s
 13500K .......... .......... .......... .......... .......... 27%  369M 2s
 13550K .......... .......... .......... .......... .......... 27%  354M 2s
 13600K .......... .......... .......... .......... .......... 27%  362M 2s
 13650K .......... .......... .......... .......... .......... 27%  365M 2s
 13700K .......... .......... .......... .......... .......... 28%  361M 2s
 13750K .......... .......... .......... .......... .......... 28%  267M 2s
 13800K .......... .......... .......... .......... .......... 28%  337M 2s
 13850K .......... .......... .......... .......... .......... 28%  316M 2s
 13900K .......... .......... .......... .......... .......... 28%  316M 2s
 13950K .......... .......... .......... .......... .......... 28%  282M 2s
 14000K .......... .......... .......... .......... .......... 28%  313M 2s
 14050K .......... .......... .......... .......... .......... 28%  252M 2s
 14100K .......... .......... .......... .......... .......... 28%  268M 2s
 14150K .......... .......... .......... .......... .......... 28%  211M 2s
 14200K .......... .......... .......... .......... .......... 29%  329M 2s
 14250K .......... .......... .......... .......... .......... 29%  332M 2s
 14300K .......... .......... .......... .......... .......... 29%  338M 2s
 14350K .......... .......... .......... .......... .......... 29%  357M 2s
 14400K .......... .......... .......... .......... .......... 29%  333M 2s
 14450K .......... .......... .......... .......... .......... 29%  354M 2s
 14500K .......... .......... .......... .......... .......... 29%  357M 2s
 14550K .......... .......... .......... .......... .......... 29%  832K 2s
 14600K .......... .......... .......... .......... .......... 29%  258M 2s
 14650K .......... .......... .......... .......... .......... 30%  303M 2s
 14700K .......... .......... .......... .......... .......... 30%  335M 2s
 14750K .......... .......... .......... .......... .......... 30%  252M 2s
 14800K .......... .......... .......... .......... .......... 30%  300M 2s
 14850K .......... .......... .......... .......... .......... 30%  311M 2s
 14900K .......... .......... .......... .......... .......... 30%  273M 2s
 14950K .......... .......... .......... .......... .......... 30%  200M 2s
 15000K .......... .......... .......... .......... .......... 30%  316M 2s
 15050K .......... .......... .......... .......... .......... 30%  300M 2s
 15100K .......... .......... .......... .......... .......... 30%  315M 2s
 15150K .......... .......... .......... .......... .......... 31%  277M 2s
 15200K .......... .......... .......... .......... .......... 31%  312M 2s
 15250K .......... .......... .......... .......... .......... 31%  265M 2s
 15300K .......... .......... .......... .......... .......... 31%  279M 2s
 15350K .......... .......... .......... .......... .......... 31%  210M 2s
 15400K .......... .......... .......... .......... .......... 31%  302M 2s
 15450K .......... .......... .......... .......... .......... 31%  236M 2s
 15500K .......... .......... .......... .......... .......... 31%  262M 2s
 15550K .......... .......... .......... .......... .......... 31%  279M 2s
 15600K .......... .......... .......... .......... .......... 31%  254M 2s
 15650K .......... .......... .......... .......... .......... 32%  249M 2s
 15700K .......... .......... .......... .......... .......... 32%  327M 2s
 15750K .......... .......... .......... .......... .......... 32%  230M 2s
 15800K .......... .......... .......... .......... .......... 32%  313M 2s
 15850K .......... .......... .......... .......... .......... 32%  302M 2s
 15900K .......... .......... .......... .......... .......... 32%  333M 2s
 15950K .......... .......... .......... .......... .......... 32%  251M 2s
 16000K .......... .......... .......... .......... .......... 32%  340M 2s
 16050K .......... .......... .......... .......... .......... 32%  286M 2s
 16100K .......... .......... .......... .......... .......... 32%  367M 2s
 16150K .......... .......... .......... .......... .......... 33%  263M 2s
 16200K .......... .......... .......... .......... .......... 33%  362M 2s
 16250K .......... .......... .......... .......... .......... 33%  312M 2s
 16300K .......... .......... .......... .......... .......... 33%  307M 2s
 16350K .......... .......... .......... .......... .......... 33%  353M 2s
 16400K .......... .......... .......... .......... .......... 33% 41.4M 2s
 16450K .......... .......... .......... .......... .......... 33%  160M 2s
 16500K .......... .......... .......... .......... .......... 33%  298M 2s
 16550K .......... .......... .......... .......... .......... 33%  193M 2s
 16600K .......... .......... .......... .......... .......... 33%  266M 2s
 16650K .......... .......... .......... .......... .......... 34%  296M 2s
 16700K .......... .......... .......... .......... .......... 34%  233M 2s
 16750K .......... .......... .......... .......... .......... 34%  293M 2s
 16800K .......... .......... .......... .......... .......... 34%  261M 2s
 16850K .......... .......... .......... .......... .......... 34%  256M 2s
 16900K .......... .......... .......... .......... .......... 34%  342M 2s
 16950K .......... .......... .......... .......... .......... 34%  275M 2s
 17000K .......... .......... .......... .......... .......... 34%  340M 2s
 17050K .......... .......... .......... .......... .......... 34%  353M 2s
 17100K .......... .......... .......... .......... .......... 35%  345M 2s
 17150K .......... .......... .......... .......... .......... 35%  364M 2s
 17200K .......... .......... .......... .......... .......... 35%  351M 2s
 17250K .......... .......... .......... .......... .......... 35%  361M 2s
 17300K .......... .......... .......... .......... .......... 35%  346M 2s
 17350K .......... .......... .......... .......... .......... 35%  855K 2s
 17400K .......... .......... .......... .......... .......... 35%  305M 2s
 17450K .......... .......... .......... .......... .......... 35%  258M 2s
 17500K .......... .......... .......... .......... .......... 35%  272M 2s
 17550K .......... .......... .......... .......... .......... 35%  310M 2s
 17600K .......... .......... .......... .......... .......... 36%  310M 2s
 17650K .......... .......... .......... .......... .......... 36%  330M 2s
 17700K .......... .......... .......... .......... .......... 36%  136M 2s
 17750K .......... .......... .......... .......... .......... 36%  116M 2s
 17800K .......... .......... .......... .......... .......... 36%  242M 2s
 17850K .......... .......... .......... .......... .......... 36%  314M 2s
 17900K .......... .......... .......... .......... .......... 36%  248M 2s
 17950K .......... .......... .......... .......... .......... 36%  313M 2s
 18000K .......... .......... .......... .......... .......... 36% 68.4M 2s
 18050K .......... .......... .......... .......... .......... 36%  218M 2s
 18100K .......... .......... .......... .......... .......... 37%  229M 2s
 18150K .......... .......... .......... .......... .......... 37%  193M 2s
 18200K .......... .......... .......... .......... .......... 37%  275M 2s
 18250K .......... .......... .......... .......... .......... 37%  274M 2s
 18300K .......... .......... .......... .......... .......... 37%  245M 2s
 18350K .......... .......... .......... .......... .......... 37%  343M 2s
 18400K .......... .......... .......... .......... .......... 37%  245M 2s
 18450K .......... .......... .......... .......... .......... 37%  313M 1s
 18500K .......... .......... .......... .......... .......... 37%  294M 1s
 18550K .......... .......... .......... .......... .......... 37%  240M 1s
 18600K .......... .......... .......... .......... .......... 38%  287M 1s
 18650K .......... .......... .......... .......... .......... 38%  284M 1s
 18700K .......... .......... .......... .......... .......... 38%  282M 1s
 18750K .......... .......... .......... .......... .......... 38%  320M 1s
 18800K .......... .......... .......... .......... .......... 38%  346M 1s
 18850K .......... .......... .......... .......... .......... 38%  330M 1s
 18900K .......... .......... .......... .......... .......... 38%  369M 1s
 18950K .......... .......... .......... .......... .......... 38%  219M 1s
 19000K .......... .......... .......... .......... .......... 38%  304M 1s
 19050K .......... .......... .......... .......... .......... 38%  293M 1s
 19100K .......... .......... .......... .......... .......... 39%  358M 1s
 19150K .......... .......... .......... .......... .......... 39%  362M 1s
 19200K .......... .......... .......... .......... .......... 39%  356M 1s
 19250K .......... .......... .......... .......... .......... 39%  354M 1s
 19300K .......... .......... .......... .......... .......... 39% 83.6M 1s
 19350K .......... .......... .......... .......... .......... 39%  237M 1s
 19400K .......... .......... .......... .......... .......... 39%  260M 1s
 19450K .......... .......... .......... .......... .......... 39%  283M 1s
 19500K .......... .......... .......... .......... .......... 39%  273M 1s
 19550K .......... .......... .......... .......... .......... 40%  313M 1s
 19600K .......... .......... .......... .......... .......... 40%  313M 1s
 19650K .......... .......... .......... .......... .......... 40%  277M 1s
 19700K .......... .......... .......... .......... .......... 40%  306M 1s
 19750K .......... .......... .......... .......... .......... 40%  214M 1s
 19800K .......... .......... .......... .......... .......... 40%  263M 1s
 19850K .......... .......... .......... .......... .......... 40%  323M 1s
 19900K .......... .......... .......... .......... .......... 40%  326M 1s
 19950K .......... .......... .......... .......... .......... 40%  352M 1s
 20000K .......... .......... .......... .......... .......... 40%  355M 1s
 20050K .......... .......... .......... .......... .......... 41%  847K 1s
 20100K .......... .......... .......... .......... .......... 41%  236M 1s
 20150K .......... .......... .......... .......... .......... 41%  191M 1s
 20200K .......... .......... .......... .......... .......... 41%  277M 1s
 20250K .......... .......... .......... .......... .......... 41%  325M 1s
 20300K .......... .......... .......... .......... .......... 41%  333M 1s
 20350K .......... .......... .......... .......... .......... 41% 99.2M 1s
 20400K .......... .......... .......... .......... .......... 41%  165M 1s
 20450K .......... .......... .......... .......... .......... 41%  209M 1s
 20500K .......... .......... .......... .......... .......... 41%  287M 1s
 20550K .......... .......... .......... .......... .......... 42%  189M 1s
 20600K .......... .......... .......... .......... .......... 42%  286M 1s
 20650K .......... .......... .......... .......... .......... 42%  272M 1s
 20700K .......... .......... .......... .......... .......... 42%  255M 1s
 20750K .......... .......... .......... .......... .......... 42%  301M 1s
 20800K .......... .......... .......... .......... .......... 42%  317M 1s
 20850K .......... .......... .......... .......... .......... 42%  258M 1s
 20900K .......... .......... .......... .......... .......... 42%  247M 1s
 20950K .......... .......... .......... .......... .......... 42%  234M 1s
 21000K .......... .......... .......... .......... .......... 42%  296M 1s
 21050K .......... .......... .......... .......... .......... 43%  294M 1s
 21100K .......... .......... .......... .......... .......... 43%  322M 1s
 21150K .......... .......... .......... .......... .......... 43%  264M 1s
 21200K .......... .......... .......... .......... .......... 43%  333M 1s
 21250K .......... .......... .......... .......... .......... 43%  330M 1s
 21300K .......... .......... .......... .......... .......... 43%  333M 1s
 21350K .......... .......... .......... .......... .......... 43%  210M 1s
 21400K .......... .......... .......... .......... .......... 43%  266M 1s
 21450K .......... .......... .......... .......... .......... 43%  295M 1s
 21500K .......... .......... .......... .......... .......... 43%  283M 1s
 21550K .......... .......... .......... .......... .......... 44%  316M 1s
 21600K .......... .......... .......... .......... .......... 44%  266M 1s
 21650K .......... .......... .......... .......... .......... 44%  303M 1s
 21700K .......... .......... .......... .......... .......... 44%  325M 1s
 21750K .......... .......... .......... .......... .......... 44%  270M 1s
 21800K .......... .......... .......... .......... .......... 44%  316M 1s
 21850K .......... .......... .......... .......... .......... 44%  266M 1s
 21900K .......... .......... .......... .......... .......... 44%  316M 1s
 21950K .......... .......... .......... .......... .......... 44%  267M 1s
 22000K .......... .......... .......... .......... .......... 45%  330M 1s
 22050K .......... .......... .......... .......... .......... 45%  356M 1s
 22100K .......... .......... .......... .......... .......... 45%  337M 1s
 22150K .......... .......... .......... .......... .......... 45% 47.7M 1s
 22200K .......... .......... .......... .......... .......... 45%  240M 1s
 22250K .......... .......... .......... .......... .......... 45%  293M 1s
 22300K .......... .......... .......... .......... .......... 45%  249M 1s
 22350K .......... .......... .......... .......... .......... 45%  226M 1s
 22400K .......... .......... .......... .......... .......... 45%  267M 1s
 22450K .......... .......... .......... .......... .......... 45%  272M 1s
 22500K .......... .......... .......... .......... .......... 46%  295M 1s
 22550K .......... .......... .......... .......... .......... 46%  213M 1s
 22600K .......... .......... .......... .......... .......... 46%  302M 1s
 22650K .......... .......... .......... .......... .......... 46%  277M 1s
 22700K .......... .......... .......... .......... .......... 46%  361M 1s
 22750K .......... .......... .......... .......... .......... 46%  358M 1s
 22800K .......... .......... .......... .......... .......... 46%  359M 1s
 22850K .......... .......... .......... .......... .......... 46%  353M 1s
 22900K .......... .......... .......... .......... .......... 46%  329M 1s
 22950K .......... .......... .......... .......... .......... 46%  859K 1s
 23000K .......... .......... .......... .......... .......... 47%  194M 1s
 23050K .......... .......... .......... .......... .......... 47%  298M 1s
 23100K .......... .......... .......... .......... .......... 47%  250M 1s
 23150K .......... .......... .......... .......... .......... 47%  301M 1s
 23200K .......... .......... .......... .......... .......... 47%  346M 1s
 23250K .......... .......... .......... .......... .......... 47% 56.3M 1s
 23300K .......... .......... .......... .......... .......... 47%  299M 1s
 23350K .......... .......... .......... .......... .......... 47%  202M 1s
 23400K .......... .......... .......... .......... .......... 47%  346M 1s
 23450K .......... .......... .......... .......... .......... 47%  263M 1s
 23500K .......... .......... .......... .......... .......... 48%  332M 1s
 23550K .......... .......... .......... .......... .......... 48%  287M 1s
 23600K .......... .......... .......... .......... .......... 48%  276M 1s
 23650K .......... .......... .......... .......... .......... 48%  306M 1s
 23700K .......... .......... .......... .......... .......... 48%  323M 1s
 23750K .......... .......... .......... .......... .......... 48%  165M 1s
 23800K .......... .......... .......... .......... .......... 48%  245M 1s
 23850K .......... .......... .......... .......... .......... 48%  293M 1s
 23900K .......... .......... .......... .......... .......... 48%  312M 1s
 23950K .......... .......... .......... .......... .......... 48%  288M 1s
 24000K .......... .......... .......... .......... .......... 49%  352M 1s
 24050K .......... .......... .......... .......... .......... 49%  133M 1s
 24100K .......... .......... .......... .......... .......... 49%  267M 1s
 24150K .......... .......... .......... .......... .......... 49%  203M 1s
 24200K .......... .......... .......... .......... .......... 49%  263M 1s
 24250K .......... .......... .......... .......... .......... 49%  253M 1s
 24300K .......... .......... .......... .......... .......... 49%  284M 1s
 24350K .......... .......... .......... .......... .......... 49%  273M 1s
 24400K .......... .......... .......... .......... .......... 49%  311M 1s
 24450K .......... .......... .......... .......... .......... 50%  267M 1s
 24500K .......... .......... .......... .......... .......... 50%  334M 1s
 24550K .......... .......... .......... .......... .......... 50%  266M 1s
 24600K .......... .......... .......... .......... .......... 50%  301M 1s
 24650K .......... .......... .......... .......... .......... 50%  312M 1s
 24700K .......... .......... .......... .......... .......... 50%  265M 1s
 24750K .......... .......... .......... .......... .......... 50%  337M 1s
 24800K .......... .......... .......... .......... .......... 50%  244M 1s
 24850K .......... .......... .......... .......... .......... 50%  301M 1s
 24900K .......... .......... .......... .......... .......... 50%  290M 1s
 24950K .......... .......... .......... .......... .......... 51%  268M 1s
 25000K .......... .......... .......... .......... .......... 51%  351M 1s
 25050K .......... .......... .......... .......... .......... 51% 64.0M 1s
 25100K .......... .......... .......... .......... .......... 51%  168M 1s
 25150K .......... .......... .......... .......... .......... 51%  285M 1s
 25200K .......... .......... .......... .......... .......... 51%  329M 1s
 25250K .......... .......... .......... .......... .......... 51%  314M 1s
 25300K .......... .......... .......... .......... .......... 51%  266M 1s
 25350K .......... .......... .......... .......... .......... 51%  228M 1s
 25400K .......... .......... .......... .......... .......... 51%  290M 1s
 25450K .......... .......... .......... .......... .......... 52%  313M 1s
 25500K .......... .......... .......... .......... .......... 52%  340M 1s
 25550K .......... .......... .......... .......... .......... 52%  287M 1s
 25600K .......... .......... .......... .......... .......... 52%  279M 1s
 25650K .......... .......... .......... .......... .......... 52%  328M 1s
 25700K .......... .......... .......... .......... .......... 52%  362M 1s
 25750K .......... .......... .......... .......... .......... 52%  254M 1s
 25800K .......... .......... .......... .......... .......... 52%  852K 1s
 25850K .......... .......... .......... .......... .......... 52%  302M 1s
 25900K .......... .......... .......... .......... .......... 52%  333M 1s
 25950K .......... .......... .......... .......... .......... 53%  318M 1s
 26000K .......... .......... .......... .......... .......... 53%  337M 1s
 26050K .......... .......... .......... .......... .......... 53%  333M 1s
 26100K .......... .......... .......... .......... .......... 53%  343M 1s
 26150K .......... .......... .......... .......... .......... 53% 98.6M 1s
 26200K .......... .......... .......... .......... .......... 53% 60.5M 1s
 26250K .......... .......... .......... .......... .......... 53%  180M 1s
 26300K .......... .......... .......... .......... .......... 53%  327M 1s
 26350K .......... .......... .......... .......... .......... 53%  311M 1s
 26400K .......... .......... .......... .......... .......... 53%  207M 1s
 26450K .......... .......... .......... .......... .......... 54%  333M 1s
 26500K .......... .......... .......... .......... .......... 54%  334M 1s
 26550K .......... .......... .......... .......... .......... 54%  246M 1s
 26600K .......... .......... .......... .......... .......... 54%  334M 1s
 26650K .......... .......... .......... .......... .......... 54%  332M 1s
 26700K .......... .......... .......... .......... .......... 54%  331M 1s
 26750K .......... .......... .......... .......... .......... 54%  329M 1s
 26800K .......... .......... .......... .......... .......... 54%  329M 1s
 26850K .......... .......... .......... .......... .......... 54%  347M 1s
 26900K .......... .......... .......... .......... .......... 55%  311M 1s
 26950K .......... .......... .......... .......... .......... 55%  256M 1s
 27000K .......... .......... .......... .......... .......... 55%  329M 1s
 27050K .......... .......... .......... .......... .......... 55%  327M 1s
 27100K .......... .......... .......... .......... .......... 55%  335M 1s
 27150K .......... .......... .......... .......... .......... 55%  304M 1s
 27200K .......... .......... .......... .......... .......... 55%  342M 1s
 27250K .......... .......... .......... .......... .......... 55%  336M 1s
 27300K .......... .......... .......... .......... .......... 55%  322M 1s
 27350K .......... .......... .......... .......... .......... 55%  255M 1s
 27400K .......... .......... .......... .......... .......... 56%  342M 1s
 27450K .......... .......... .......... .......... .......... 56%  359M 1s
 27500K .......... .......... .......... .......... .......... 56%  350M 1s
 27550K .......... .......... .......... .......... .......... 56%  336M 1s
 27600K .......... .......... .......... .......... .......... 56%  338M 1s
 27650K .......... .......... .......... .......... .......... 56%  329M 1s
 27700K .......... .......... .......... .......... .......... 56%  353M 1s
 27750K .......... .......... .......... .......... .......... 56%  264M 1s
 27800K .......... .......... .......... .......... .......... 56%  333M 1s
 27850K .......... .......... .......... .......... .......... 56%  329M 1s
 27900K .......... .......... .......... .......... .......... 57% 53.9M 1s
 27950K .......... .......... .......... .......... .......... 57%  341M 1s
 28000K .......... .......... .......... .......... .......... 57%  337M 1s
 28050K .......... .......... .......... .......... .......... 57%  322M 1s
 28100K .......... .......... .......... .......... .......... 57%  344M 1s
 28150K .......... .......... .......... .......... .......... 57%  263M 1s
 28200K .......... .......... .......... .......... .......... 57%  207M 1s
 28250K .......... .......... .......... .......... .......... 57%  240M 1s
 28300K .......... .......... .......... .......... .......... 57%  335M 1s
 28350K .......... .......... .......... .......... .......... 57%  321M 1s
 28400K .......... .......... .......... .......... .......... 58% 77.2M 1s
 28450K .......... .......... .......... .......... .......... 58%  236M 1s
 28500K .......... .......... .......... .......... .......... 58%  319M 1s
 28550K .......... .......... .......... .......... .......... 58%  253M 1s
 28600K .......... .......... .......... .......... .......... 58%  349M 1s
 28650K .......... .......... .......... .......... .......... 58%  861K 1s
 28700K .......... .......... .......... .......... .......... 58%  268M 1s
 28750K .......... .......... .......... .......... .......... 58%  269M 1s
 28800K .......... .......... .......... .......... .......... 58%  297M 1s
 28850K .......... .......... .......... .......... .......... 58%  333M 1s
 28900K .......... .......... .......... .......... .......... 59%  343M 1s
 28950K .......... .......... .......... .......... .......... 59%  254M 1s
 29000K .......... .......... .......... .......... .......... 59% 73.5M 1s
 29050K .......... .......... .......... .......... .......... 59%  309M 1s
 29100K .......... .......... .......... .......... .......... 59%  344M 1s
 29150K .......... .......... .......... .......... .......... 59%  356M 1s
 29200K .......... .......... .......... .......... .......... 59% 90.4M 1s
 29250K .......... .......... .......... .......... .......... 59%  336M 1s
 29300K .......... .......... .......... .......... .......... 59%  168M 1s
 29350K .......... .......... .......... .......... .......... 60%  256M 1s
 29400K .......... .......... .......... .......... .......... 60%  305M 1s
 29450K .......... .......... .......... .......... .......... 60%  281M 1s
 29500K .......... .......... .......... .......... .......... 60%  228M 1s
 29550K .......... .......... .......... .......... .......... 60%  191M 1s
 29600K .......... .......... .......... .......... .......... 60%  336M 1s
 29650K .......... .......... .......... .......... .......... 60%  324M 1s
 29700K .......... .......... .......... .......... .......... 60%  323M 1s
 29750K .......... .......... .......... .......... .......... 60%  218M 1s
 29800K .......... .......... .......... .......... .......... 60% 58.6M 1s
 29850K .......... .......... .......... .......... .......... 61%  278M 1s
 29900K .......... .......... .......... .......... .......... 61%  329M 1s
 29950K .......... .......... .......... .......... .......... 61%  350M 1s
 30000K .......... .......... .......... .......... .......... 61%  339M 1s
 30050K .......... .......... .......... .......... .......... 61%  319M 1s
 30100K .......... .......... .......... .......... .......... 61%  348M 1s
 30150K .......... .......... .......... .......... .......... 61%  251M 1s
 30200K .......... .......... .......... .......... .......... 61%  349M 1s
 30250K .......... .......... .......... .......... .......... 61%  328M 1s
 30300K .......... .......... .......... .......... .......... 61%  332M 1s
 30350K .......... .......... .......... .......... .......... 62%  353M 1s
 30400K .......... .......... .......... .......... .......... 62%  353M 1s
 30450K .......... .......... .......... .......... .......... 62%  331M 1s
 30500K .......... .......... .......... .......... .......... 62%  354M 1s
 30550K .......... .......... .......... .......... .......... 62%  267M 1s
 30600K .......... .......... .......... .......... .......... 62%  358M 1s
 30650K .......... .......... .......... .......... .......... 62%  321M 1s
 30700K .......... .......... .......... .......... .......... 62%  335M 1s
 30750K .......... .......... .......... .......... .......... 62%  367M 1s
 30800K .......... .......... .......... .......... .......... 62%  150M 1s
 30850K .......... .......... .......... .......... .......... 63%  335M 1s
 30900K .......... .......... .......... .......... .......... 63%  317M 1s
 30950K .......... .......... .......... .......... .......... 63%  222M 1s
 31000K .......... .......... .......... .......... .......... 63%  335M 1s
 31050K .......... .......... .......... .......... .......... 63%  330M 1s
 31100K .......... .......... .......... .......... .......... 63%  240M 1s
 31150K .......... .......... .......... .......... .......... 63%  339M 1s
 31200K .......... .......... .......... .......... .......... 63%  342M 1s
 31250K .......... .......... .......... .......... .......... 63%  352M 1s
 31300K .......... .......... .......... .......... .......... 63%  353M 1s
 31350K .......... .......... .......... .......... .......... 64% 75.6M 1s
 31400K .......... .......... .......... .......... .......... 64%  288M 1s
 31450K .......... .......... .......... .......... .......... 64%  338M 1s
 31500K .......... .......... .......... .......... .......... 64%  327M 1s
 31550K .......... .......... .......... .......... .......... 64%  310M 1s
 31600K .......... .......... .......... .......... .......... 64%  861K 1s
 31650K .......... .......... .......... .......... .......... 64%  306M 1s
 31700K .......... .......... .......... .......... .......... 64%  341M 1s
 31750K .......... .......... .......... .......... .......... 64%  256M 1s
 31800K .......... .......... .......... .......... .......... 65%  330M 1s
 31850K .......... .......... .......... .......... .......... 65%  178M 1s
 31900K .......... .......... .......... .......... .......... 65%  109M 1s
 31950K .......... .......... .......... .......... .......... 65%  337M 1s
 32000K .......... .......... .......... .......... .......... 65%  336M 1s
 32050K .......... .......... .......... .......... .......... 65%  319M 1s
 32100K .......... .......... .......... .......... .......... 65% 81.8M 1s
 32150K .......... .......... .......... .......... .......... 65%  261M 1s
 32200K .......... .......... .......... .......... .......... 65%  339M 1s
 32250K .......... .......... .......... .......... .......... 65%  338M 1s
 32300K .......... .......... .......... .......... .......... 66%  322M 1s
 32350K .......... .......... .......... .......... .......... 66%  249M 1s
 32400K .......... .......... .......... .......... .......... 66%  301M 1s
 32450K .......... .......... .......... .......... .......... 66%  335M 1s
 32500K .......... .......... .......... .......... .......... 66%  346M 1s
 32550K .......... .......... .......... .......... .......... 66%  158M 1s
 32600K .......... .......... .......... .......... .......... 66%  190M 1s
 32650K .......... .......... .......... .......... .......... 66%  332M 1s
 32700K .......... .......... .......... .......... .......... 66% 31.5M 1s
 32750K .......... .......... .......... .......... .......... 66%  248M 1s
 32800K .......... .......... .......... .......... .......... 67%  327M 1s
 32850K .......... .......... .......... .......... .......... 67%  298M 1s
 32900K .......... .......... .......... .......... .......... 67%  345M 1s
 32950K .......... .......... .......... .......... .......... 67%  243M 1s
 33000K .......... .......... .......... .......... .......... 67%  311M 1s
 33050K .......... .......... .......... .......... .......... 67%  326M 1s
 33100K .......... .......... .......... .......... .......... 67%  333M 1s
 33150K .......... .......... .......... .......... .......... 67%  341M 1s
 33200K .......... .......... .......... .......... .......... 67%  329M 1s
 33250K .......... .......... .......... .......... .......... 67%  338M 1s
 33300K .......... .......... .......... .......... .......... 68%  322M 1s
 33350K .......... .......... .......... .......... .......... 68%  256M 1s
 33400K .......... .......... .......... .......... .......... 68%  344M 1s
 33450K .......... .......... .......... .......... .......... 68%  361M 1s
 33500K .......... .......... .......... .......... .......... 68%  341M 1s
 33550K .......... .......... .......... .......... .......... 68%  354M 1s
 33600K .......... .......... .......... .......... .......... 68%  333M 1s
 33650K .......... .......... .......... .......... .......... 68%  320M 1s
 33700K .......... .......... .......... .......... .......... 68%  345M 1s
 33750K .......... .......... .......... .......... .......... 69%  263M 1s
 33800K .......... .......... .......... .......... .......... 69%  356M 1s
 33850K .......... .......... .......... .......... .......... 69%  335M 1s
 33900K .......... .......... .......... .......... .......... 69%  337M 1s
 33950K .......... .......... .......... .......... .......... 69%  345M 1s
 34000K .......... .......... .......... .......... .......... 69%  333M 1s
 34050K .......... .......... .......... .......... .......... 69%  351M 1s
 34100K .......... .......... .......... .......... .......... 69%  344M 1s
 34150K .......... .......... .......... .......... .......... 69%  253M 1s
 34200K .......... .......... .......... .......... .......... 69%  351M 1s
 34250K .......... .......... .......... .......... .......... 70%  134M 1s
 34300K .......... .......... .......... .......... .......... 70%  249M 1s
 34350K .......... .......... .......... .......... .......... 70%  322M 1s
 34400K .......... .......... .......... .......... .......... 70%  287M 1s
 34450K .......... .......... .......... .......... .......... 70%  340M 1s
 34500K .......... .......... .......... .......... .......... 70%  336M 1s
 34550K .......... .......... .......... .......... .......... 70%  865K 1s
 34600K .......... .......... .......... .......... .......... 70%  293M 1s
 34650K .......... .......... .......... .......... .......... 70%  330M 1s
 34700K .......... .......... .......... .......... .......... 70%  224M 1s
 34750K .......... .......... .......... .......... .......... 71% 83.8M 1s
 34800K .......... .......... .......... .......... .......... 71%  335M 1s
 34850K .......... .......... .......... .......... .......... 71%  321M 1s
 34900K .......... .......... .......... .......... .......... 71%  351M 1s
 34950K .......... .......... .......... .......... .......... 71%  272M 1s
 35000K .......... .......... .......... .......... .......... 71%  185M 1s
 35050K .......... .......... .......... .......... .......... 71% 87.8M 1s
 35100K .......... .......... .......... .......... .......... 71%  323M 1s
 35150K .......... .......... .......... .......... .......... 71%  350M 1s
 35200K .......... .......... .......... .......... .......... 71%  298M 1s
 35250K .......... .......... .......... .......... .......... 72%  335M 1s
 35300K .......... .......... .......... .......... .......... 72%  329M 1s
 35350K .......... .......... .......... .......... .......... 72% 17.3M 1s
 35400K .......... .......... .......... .......... .......... 72%  235M 1s
 35450K .......... .......... .......... .......... .......... 72%  328M 1s
 35500K .......... .......... .......... .......... .......... 72%  333M 1s
 35550K .......... .......... .......... .......... .......... 72%  232M 0s
 35600K .......... .......... .......... .......... .......... 72%  317M 0s
 35650K .......... .......... .......... .......... .......... 72%  340M 0s
 35700K .......... .......... .......... .......... .......... 72%  331M 0s
 35750K .......... .......... .......... .......... .......... 73%  238M 0s
 35800K .......... .......... .......... .......... .......... 73%  343M 0s
 35850K .......... .......... .......... .......... .......... 73%  327M 0s
 35900K .......... .......... .......... .......... .......... 73%  341M 0s
 35950K .......... .......... .......... .......... .......... 73%  343M 0s
 36000K .......... .......... .......... .......... .......... 73%  357M 0s
 36050K .......... .......... .......... .......... .......... 73%  326M 0s
 36100K .......... .......... .......... .......... .......... 73%  321M 0s
 36150K .......... .......... .......... .......... .......... 73%  267M 0s
 36200K .......... .......... .......... .......... .......... 74%  308M 0s
 36250K .......... .......... .......... .......... .......... 74%  357M 0s
 36300K .......... .......... .......... .......... .......... 74%  363M 0s
 36350K .......... .......... .......... .......... .......... 74%  336M 0s
 36400K .......... .......... .......... .......... .......... 74%  330M 0s
 36450K .......... .......... .......... .......... .......... 74%  363M 0s
 36500K .......... .......... .......... .......... .......... 74%  371M 0s
 36550K .......... .......... .......... .......... .......... 74%  276M 0s
 36600K .......... .......... .......... .......... .......... 74%  341M 0s
 36650K .......... .......... .......... .......... .......... 74%  350M 0s
 36700K .......... .......... .......... .......... .......... 75%  354M 0s
 36750K .......... .......... .......... .......... .......... 75%  354M 0s
 36800K .......... .......... .......... .......... .......... 75%  366M 0s
 36850K .......... .......... .......... .......... .......... 75%  342M 0s
 36900K .......... .......... .......... .......... .......... 75%  338M 0s
 36950K .......... .......... .......... .......... .......... 75%  257M 0s
 37000K .......... .......... .......... .......... .......... 75%  337M 0s
 37050K .......... .......... .......... .......... .......... 75%  329M 0s
 37100K .......... .......... .......... .......... .......... 75%  342M 0s
 37150K .......... .......... .......... .......... .......... 75%  339M 0s
 37200K .......... .......... .......... .......... .......... 76%  356M 0s
 37250K .......... .......... .......... .......... .......... 76%  339M 0s
 37300K .......... .......... .......... .......... .......... 76%  356M 0s
 37350K .......... .......... .......... .......... .......... 76%  267M 0s
 37400K .......... .......... .......... .......... .......... 76%  345M 0s
 37450K .......... .......... .......... .......... .......... 76%  346M 0s
 37500K .......... .......... .......... .......... .......... 76%  353M 0s
 37550K .......... .......... .......... .......... .......... 76%  877K 0s
 37600K .......... .......... .......... .......... .......... 76%  320M 0s
 37650K .......... .......... .......... .......... .......... 76%  194M 0s
 37700K .......... .......... .......... .......... .......... 77%  196M 0s
 37750K .......... .......... .......... .......... .......... 77%  148M 0s
 37800K .......... .......... .......... .......... .......... 77%  289M 0s
 37850K .......... .......... .......... .......... .......... 77%  127M 0s
 37900K .......... .......... .......... .......... .......... 77%  130M 0s
 37950K .......... .......... .......... .......... .......... 77%  335M 0s
 38000K .......... .......... .......... .......... .......... 77%  362M 0s
 38050K .......... .......... .......... .......... .......... 77%  223M 0s
 38100K .......... .......... .......... .......... .......... 77%  192M 0s
 38150K .......... .......... .......... .......... .......... 77%  172M 0s
 38200K .......... .......... .......... .......... .......... 78%  328M 0s
 38250K .......... .......... .......... .......... .......... 78%  228M 0s
 38300K .......... .......... .......... .......... .......... 78%  132M 0s
 38350K .......... .......... .......... .......... .......... 78%  334M 0s
 38400K .......... .......... .......... .......... .......... 78% 21.0M 0s
 38450K .......... .......... .......... .......... .......... 78%  131M 0s
 38500K .......... .......... .......... .......... .......... 78%  151M 0s
 38550K .......... .......... .......... .......... .......... 78%  264M 0s
 38600K .......... .......... .......... .......... .......... 78% 96.4M 0s
 38650K .......... .......... .......... .......... .......... 79%  314M 0s
 38700K .......... .......... .......... .......... .......... 79%  324M 0s
 38750K .......... .......... .......... .......... .......... 79%  321M 0s
 38800K .......... .......... .......... .......... .......... 79%  343M 0s
 38850K .......... .......... .......... .......... .......... 79%  326M 0s
 38900K .......... .......... .......... .......... .......... 79%  334M 0s
 38950K .......... .......... .......... .......... .......... 79%  264M 0s
 39000K .......... .......... .......... .......... .......... 79%  316M 0s
 39050K .......... .......... .......... .......... .......... 79%  334M 0s
 39100K .......... .......... .......... .......... .......... 79%  323M 0s
 39150K .......... .......... .......... .......... .......... 80%  336M 0s
 39200K .......... .......... .......... .......... .......... 80%  327M 0s
 39250K .......... .......... .......... .......... .......... 80%  341M 0s
 39300K .......... .......... .......... .......... .......... 80%  340M 0s
 39350K .......... .......... .......... .......... .......... 80%  253M 0s
 39400K .......... .......... .......... .......... .......... 80%  330M 0s
 39450K .......... .......... .......... .......... .......... 80%  348M 0s
 39500K .......... .......... .......... .......... .......... 80%  352M 0s
 39550K .......... .......... .......... .......... .......... 80%  360M 0s
 39600K .......... .......... .......... .......... .......... 80%  339M 0s
 39650K .......... .......... .......... .......... .......... 81%  335M 0s
 39700K .......... .......... .......... .......... .......... 81%  333M 0s
 39750K .......... .......... .......... .......... .......... 81%  262M 0s
 39800K .......... .......... .......... .......... .......... 81%  319M 0s
 39850K .......... .......... .......... .......... .......... 81%  322M 0s
 39900K .......... .......... .......... .......... .......... 81%  345M 0s
 39950K .......... .......... .......... .......... .......... 81%  343M 0s
 40000K .......... .......... .......... .......... .......... 81%  332M 0s
 40050K .......... .......... .......... .......... .......... 81%  343M 0s
 40100K .......... .......... .......... .......... .......... 81%  345M 0s
 40150K .......... .......... .......... .......... .......... 82%  264M 0s
 40200K .......... .......... .......... .......... .......... 82%  361M 0s
 40250K .......... .......... .......... .......... .......... 82%  355M 0s
 40300K .......... .......... .......... .......... .......... 82%  879K 0s
 40350K .......... .......... .......... .......... .......... 82%  295M 0s
 40400K .......... .......... .......... .......... .......... 82%  321M 0s
 40450K .......... .......... .......... .......... .......... 82%  325M 0s
 40500K .......... .......... .......... .......... .......... 82%  337M 0s
 40550K .......... .......... .......... .......... .......... 82%  261M 0s
 40600K .......... .......... .......... .......... .......... 82%  330M 0s
 40650K .......... .......... .......... .......... .......... 83%  338M 0s
 40700K .......... .......... .......... .......... .......... 83%  325M 0s
 40750K .......... .......... .......... .......... .......... 83%  357M 0s
 40800K .......... .......... .......... .......... .......... 83%  345M 0s
 40850K .......... .......... .......... .......... .......... 83%  338M 0s
 40900K .......... .......... .......... .......... .......... 83%  142M 0s
 40950K .......... .......... .......... .......... .......... 83%  145M 0s
 41000K .......... .......... .......... .......... .......... 83%  327M 0s
 41050K .......... .......... .......... .......... .......... 83%  335M 0s
 41100K .......... .......... .......... .......... .......... 84%  213M 0s
 41150K .......... .......... .......... .......... .......... 84%  182M 0s
 41200K .......... .......... .......... .......... .......... 84%  241M 0s
 41250K .......... .......... .......... .......... .......... 84%  270M 0s
 41300K .......... .......... .......... .......... .......... 84%  208M 0s
 41350K .......... .......... .......... .......... .......... 84%  160M 0s
 41400K .......... .......... .......... .......... .......... 84% 21.9M 0s
 41450K .......... .......... .......... .......... .......... 84% 87.7M 0s
 41500K .......... .......... .......... .......... .......... 84%  336M 0s
 41550K .......... .......... .......... .......... .......... 84% 37.3M 0s
 41600K .......... .......... .......... .......... .......... 85%  328M 0s
 41650K .......... .......... .......... .......... .......... 85%  319M 0s
 41700K .......... .......... .......... .......... .......... 85%  333M 0s
 41750K .......... .......... .......... .......... .......... 85%  254M 0s
 41800K .......... .......... .......... .......... .......... 85%  326M 0s
 41850K .......... .......... .......... .......... .......... 85%  320M 0s
 41900K .......... .......... .......... .......... .......... 85%  324M 0s
 41950K .......... .......... .......... .......... .......... 85%  346M 0s
 42000K .......... .......... .......... .......... .......... 85%  345M 0s
 42050K .......... .......... .......... .......... .......... 85%  307M 0s
 42100K .......... .......... .......... .......... .......... 86%  339M 0s
 42150K .......... .......... .......... .......... .......... 86%  264M 0s
 42200K .......... .......... .......... .......... .......... 86%  333M 0s
 42250K .......... .......... .......... .......... .......... 86%  352M 0s
 42300K .......... .......... .......... .......... .......... 86%  340M 0s
 42350K .......... .......... .......... .......... .......... 86%  363M 0s
 42400K .......... .......... .......... .......... .......... 86%  331M 0s
 42450K .......... .......... .......... .......... .......... 86%  353M 0s
 42500K .......... .......... .......... .......... .......... 86%  361M 0s
 42550K .......... .......... .......... .......... .......... 86%  249M 0s
 42600K .......... .......... .......... .......... .......... 87%  347M 0s
 42650K .......... .......... .......... .......... .......... 87%  343M 0s
 42700K .......... .......... .......... .......... .......... 87%  344M 0s
 42750K .......... .......... .......... .......... .......... 87%  352M 0s
 42800K .......... .......... .......... .......... .......... 87%  349M 0s
 42850K .......... .......... .......... .......... .......... 87%  356M 0s
 42900K .......... .......... .......... .......... .......... 87%  322M 0s
 42950K .......... .......... .......... .......... .......... 87%  268M 0s
 43000K .......... .......... .......... .......... .......... 87%  348M 0s
 43050K .......... .......... .......... .......... .......... 87%  354M 0s
 43100K .......... .......... .......... .......... .......... 88%  355M 0s
 43150K .......... .......... .......... .......... .......... 88%  881K 0s
 43200K .......... .......... .......... .......... .......... 88%  123M 0s
 43250K .......... .......... .......... .......... .......... 88%  297M 0s
 43300K .......... .......... .......... .......... .......... 88%  262M 0s
 43350K .......... .......... .......... .......... .......... 88%  250M 0s
 43400K .......... .......... .......... .......... .......... 88%  323M 0s
 43450K .......... .......... .......... .......... .......... 88%  339M 0s
 43500K .......... .......... .......... .......... .......... 88%  341M 0s
 43550K .......... .......... .......... .......... .......... 89%  329M 0s
 43600K .......... .......... .......... .......... .......... 89%  339M 0s
 43650K .......... .......... .......... .......... .......... 89%  330M 0s
 43700K .......... .......... .......... .......... .......... 89%  343M 0s
 43750K .......... .......... .......... .......... .......... 89%  263M 0s
 43800K .......... .......... .......... .......... .......... 89%  342M 0s
 43850K .......... .......... .......... .......... .......... 89%  343M 0s
 43900K .......... .......... .......... .......... .......... 89%  319M 0s
 43950K .......... .......... .......... .......... .......... 89%  351M 0s
 44000K .......... .......... .......... .......... .......... 89%  338M 0s
 44050K .......... .......... .......... .......... .......... 90%  355M 0s
 44100K .......... .......... .......... .......... .......... 90%  342M 0s
 44150K .......... .......... .......... .......... .......... 90%  254M 0s
 44200K .......... .......... .......... .......... .......... 90%  353M 0s
 44250K .......... .......... .......... .......... .......... 90%  319M 0s
 44300K .......... .......... .......... .......... .......... 90%  353M 0s
 44350K .......... .......... .......... .......... .......... 90% 10.0M 0s
 44400K .......... .......... .......... .......... .......... 90%  327M 0s
 44450K .......... .......... .......... .......... .......... 90%  337M 0s
 44500K .......... .......... .......... .......... .......... 90%  293M 0s
 44550K .......... .......... .......... .......... .......... 91%  266M 0s
 44600K .......... .......... .......... .......... .......... 91%  350M 0s
 44650K .......... .......... .......... .......... .......... 91%  320M 0s
 44700K .......... .......... .......... .......... .......... 91%  350M 0s
 44750K .......... .......... .......... .......... .......... 91%  342M 0s
 44800K .......... .......... .......... .......... .......... 91%  338M 0s
 44850K .......... .......... .......... .......... .......... 91%  332M 0s
 44900K .......... .......... .......... .......... .......... 91%  330M 0s
 44950K .......... .......... .......... .......... .......... 91%  261M 0s
 45000K .......... .......... .......... .......... .......... 91%  324M 0s
 45050K .......... .......... .......... .......... .......... 92%  342M 0s
 45100K .......... .......... .......... .......... .......... 92%  339M 0s
 45150K .......... .......... .......... .......... .......... 92%  341M 0s
 45200K .......... .......... .......... .......... .......... 92%  339M 0s
 45250K .......... .......... .......... .......... .......... 92%  350M 0s
 45300K .......... .......... .......... .......... .......... 92%  343M 0s
 45350K .......... .......... .......... .......... .......... 92%  252M 0s
 45400K .......... .......... .......... .......... .......... 92%  347M 0s
 45450K .......... .......... .......... .......... .......... 92%  328M 0s
 45500K .......... .......... .......... .......... .......... 92%  320M 0s
 45550K .......... .......... .......... .......... .......... 93%  362M 0s
 45600K .......... .......... .......... .......... .......... 93%  365M 0s
 45650K .......... .......... .......... .......... .......... 93%  321M 0s
 45700K .......... .......... .......... .......... .......... 93%  341M 0s
 45750K .......... .......... .......... .......... .......... 93%  270M 0s
 45800K .......... .......... .......... .......... .......... 93%  364M 0s
 45850K .......... .......... .......... .......... .......... 93%  363M 0s
 45900K .......... .......... .......... .......... .......... 93%  342M 0s
 45950K .......... .......... .......... .......... .......... 93%  888K 0s
 46000K .......... .......... .......... .......... .......... 94%  179M 0s
 46050K .......... .......... .......... .......... .......... 94%  321M 0s
 46100K .......... .......... .......... .......... .......... 94%  281M 0s
 46150K .......... .......... .......... .......... .......... 94%  250M 0s
 46200K .......... .......... .......... .......... .......... 94%  324M 0s
 46250K .......... .......... .......... .......... .......... 94%  334M 0s
 46300K .......... .......... .......... .......... .......... 94%  349M 0s
 46350K .......... .......... .......... .......... .......... 94%  351M 0s
 46400K .......... .......... .......... .......... .......... 94%  336M 0s
 46450K .......... .......... .......... .......... .......... 94%  343M 0s
 46500K .......... .......... .......... .......... .......... 95%  347M 0s
 46550K .......... .......... .......... .......... .......... 95%  246M 0s
 46600K .......... .......... .......... .......... .......... 95%  344M 0s
 46650K .......... .......... .......... .......... .......... 95%  326M 0s
 46700K .......... .......... .......... .......... .......... 95%  335M 0s
 46750K .......... .......... .......... .......... .......... 95%  313M 0s
 46800K .......... .......... .......... .......... .......... 95%  335M 0s
 46850K .......... .......... .......... .......... .......... 95%  350M 0s
 46900K .......... .......... .......... .......... .......... 95%  316M 0s
 46950K .......... .......... .......... .......... .......... 95%  258M 0s
 47000K .......... .......... .......... .......... .......... 96%  337M 0s
 47050K .......... .......... .......... .......... .......... 96%  359M 0s
 47100K .......... .......... .......... .......... .......... 96% 8.91M 0s
 47150K .......... .......... .......... .......... .......... 96%  310M 0s
 47200K .......... .......... .......... .......... .......... 96%  336M 0s
 47250K .......... .......... .......... .......... .......... 96%  336M 0s
 47300K .......... .......... .......... .......... .......... 96%  338M 0s
 47350K .......... .......... .......... .......... .......... 96%  259M 0s
 47400K .......... .......... .......... .......... .......... 96%  332M 0s
 47450K .......... .......... .......... .......... .......... 96%  309M 0s
 47500K .......... .......... .......... .......... .......... 97%  340M 0s
 47550K .......... .......... .......... .......... .......... 97%  342M 0s
 47600K .......... .......... .......... .......... .......... 97%  301M 0s
 47650K .......... .......... .......... .......... .......... 97%  343M 0s
 47700K .......... .......... .......... .......... .......... 97%  344M 0s
 47750K .......... .......... .......... .......... .......... 97%  255M 0s
 47800K .......... .......... .......... .......... .......... 97%  347M 0s
 47850K .......... .......... .......... .......... .......... 97%  347M 0s
 47900K .......... .......... .......... .......... .......... 97%  326M 0s
 47950K .......... .......... .......... .......... .......... 97%  360M 0s
 48000K .......... .......... .......... .......... .......... 98%  357M 0s
 48050K .......... .......... .......... .......... .......... 98%  341M 0s
 48100K .......... .......... .......... .......... .......... 98%  336M 0s
 48150K .......... .......... .......... .......... .......... 98%  257M 0s
 48200K .......... .......... .......... .......... .......... 98%  354M 0s
 48250K .......... .......... .......... .......... .......... 98%  339M 0s
 48300K .......... .......... .......... .......... .......... 98%  371M 0s
 48350K .......... .......... .......... .......... .......... 98%  355M 0s
 48400K .......... .......... .......... .......... .......... 98%  346M 0s
 48450K .......... .......... .......... .......... .......... 99%  323M 0s
 48500K .......... .......... .......... .......... .......... 99%  346M 0s
 48550K .......... .......... .......... .......... .......... 99%  272M 0s
 48600K .......... .......... .......... .......... .......... 99%  366M 0s
 48650K .......... .......... .......... .......... .......... 99%  354M 0s
 48700K .......... .......... .......... .......... .......... 99%  351M 0s
 48750K .......... .......... .......... .......... .......... 99%  353M 0s
 48800K .......... .......... .......... .......... .......... 99%  339M 0s
 48850K .......... .......... .......... .......... .......... 99%  362M 0s
 48900K .......... .......... .......... .......... .......... 99%  899K 0s
 48950K .......... .......... .......... .....                100%  246M=1.7s

2025-09-08 03:28:39 (28.6 MB/s) - ‘sepp-refs-gg-13-8.qza’ saved [50161069/50161069]

(√) Finished



...... Creating a fragment insertion placement tree ......

/opt/conda/envs/qiime2-amplicon-2025.7/lib/python3.10/site-packages/q2_demux/_summarize/_visualizer.py:11: UserWarning: pkg_resources is deprecated as an API. See https://setuptools.pypa.io/en/latest/pkg_resources.html. The pkg_resources package is slated for removal as early as 2025-11-30. Refrain from using this package or pin to Setuptools<81.
  import pkg_resources
